<?xml version="1.0" encoding="UTF-8"?>
<testsuite xmlns:xsi="http://www.w3.org/2001/XMLSchema-instance" xsi:noNamespaceSchemaLocation="https://maven.apache.org/surefire/maven-surefire-plugin/xsd/surefire-test-report.xsd" name="com.mos.author.service.impl.TestSecurityDemo" time="0.585" tests="3" errors="0" skipped="0" failures="0">
  <properties>
[...]
</properties>
  <testcase name="testJwt" classname="com.mos.author.service.impl.TestSecurityDemo" time="0.406"/>
  <testcase name="testJwtDE" classname="com.mos.author.service.impl.TestSecurityDemo" time="0.025"/>
  <testcase name="test" classname="com.mos.author.service.impl.TestSecurityDemo" time="0.151"/>
</testsuite>